[00:00:00.233] (2d60) DEBUG  INPUT, Elapsed=571µs
[00:00:00.233] (2d60) DEBUG  MISC, Elapsed=1.4µs
[00:00:00.246] (2d60) DEBUG  LOGIC, Elapsed=12.9201ms
[00:00:00.279] (2d60) DEBUG  DISPLAY, Elapsed=32.7394ms
[00:00:00.279] (2d60) DEBUG  CONFIG, Elapsed=163.5µs
[00:00:00.280] (2d60) DEBUG  WAIT, Elapsed=54.1µs
[00:00:00.280] (2d60) DEBUG  GAME_LOOP, Elapsed=46.9233ms
[00:00:00.280] (2d60) DEBUG  INPUT, Elapsed=643.3µs
[00:00:00.280] (2d60) DEBUG  MISC, Elapsed=4µs
[00:00:00.285] (2d60) DEBUG  LOGIC, Elapsed=5.0088ms
[00:00:00.295] (2d60) DEBUG  DISPLAY, Elapsed=9.0269ms
[00:00:00.295] (2d60) DEBUG  CONFIG, Elapsed=84.2µs
[00:00:00.313] (2d60) DEBUG  WAIT, Elapsed=18.5176ms
[00:00:00.313] (2d60) DEBUG  GAME_LOOP, Elapsed=33.7265ms
[00:00:00.314] (2d60) DEBUG  INPUT, Elapsed=233.8µs
[00:00:00.314] (2d60) DEBUG  MISC, Elapsed=700ns
[00:00:00.318] (2d60) DEBUG  LOGIC, Elapsed=4.1685ms
[00:00:00.326] (2d60) DEBUG  DISPLAY, Elapsed=7.5136ms
[00:00:00.326] (2d60) DEBUG  CONFIG, Elapsed=115.1µs
[00:00:00.354] (2d60) DEBUG  WAIT, Elapsed=28.3352ms
[00:00:00.354] (2d60) DEBUG  GAME_LOOP, Elapsed=40.8013ms
[00:00:00.354] (2d60) DEBUG  INPUT, Elapsed=48µs
[00:00:00.354] (2d60) DEBUG  MISC, Elapsed=500ns
[00:00:00.359] (2d60) DEBUG  LOGIC, Elapsed=4.1136ms
[00:00:00.365] (2d60) DEBUG  DISPLAY, Elapsed=6.7743ms
[00:00:00.366] (2d60) DEBUG  CONFIG, Elapsed=112.2µs
[00:00:00.395] (2d60) DEBUG  WAIT, Elapsed=29.4759ms
[00:00:00.395] (2d60) DEBUG  GAME_LOOP, Elapsed=40.9156ms
[00:00:00.395] (2d60) DEBUG  INPUT, Elapsed=47.6µs
[00:00:00.395] (2d60) DEBUG  MISC, Elapsed=900ns
[00:00:00.402] (2d60) DEBUG  LOGIC, Elapsed=6.9734ms
[00:00:00.410] (2d60) DEBUG  DISPLAY, Elapsed=7.8952ms
[00:00:00.411] (2d60) DEBUG  CONFIG, Elapsed=74.5µs
[00:00:00.435] (2d60) DEBUG  WAIT, Elapsed=24.7248ms
[00:00:00.435] (2d60) DEBUG  GAME_LOOP, Elapsed=40.1657ms
[00:00:00.436] (2d60) DEBUG  INPUT, Elapsed=18.1µs
[00:00:00.436] (2d60) DEBUG  MISC, Elapsed=1.2µs
[00:00:00.443] (2d60) DEBUG  LOGIC, Elapsed=6.8391ms
[00:00:00.451] (2d60) DEBUG  DISPLAY, Elapsed=8.0899ms
[00:00:00.451] (2d60) DEBUG  CONFIG, Elapsed=76.7µs
[00:00:00.476] (2d60) DEBUG  WAIT, Elapsed=25.2704ms
[00:00:00.476] (2d60) DEBUG  GAME_LOOP, Elapsed=40.7074ms
[00:00:00.476] (2d60) DEBUG  INPUT, Elapsed=12.2µs
[00:00:00.476] (2d60) DEBUG  MISC, Elapsed=1µs
[00:00:00.482] (2d60) DEBUG  LOGIC, Elapsed=5.9125ms
[00:00:00.489] (2d60) DEBUG  DISPLAY, Elapsed=6.8707ms
[00:00:00.489] (2d60) DEBUG  CONFIG, Elapsed=110.2µs
[00:00:00.517] (2d60) DEBUG  WAIT, Elapsed=27.5013ms
[00:00:00.517] (2d60) DEBUG  GAME_LOOP, Elapsed=40.8273ms
[00:00:00.517] (2d60) DEBUG  INPUT, Elapsed=17.5µs
[00:00:00.517] (2d60) DEBUG  MISC, Elapsed=800ns
[00:00:00.525] (2d60) DEBUG  LOGIC, Elapsed=7.2131ms
[00:00:00.532] (2d60) DEBUG  DISPLAY, Elapsed=7.6988ms
[00:00:00.532] (2d60) DEBUG  CONFIG, Elapsed=76.3µs
[00:00:00.558] (2d60) DEBUG  WAIT, Elapsed=25.3644ms
[00:00:00.558] (2d60) DEBUG  GAME_LOOP, Elapsed=40.8528ms
[00:00:00.558] (2d60) DEBUG  INPUT, Elapsed=80.5µs
[00:00:00.558] (2d60) DEBUG  MISC, Elapsed=2.5µs
[00:00:00.566] (2d60) DEBUG  LOGIC, Elapsed=7.5018ms
[00:00:00.574] (2d60) DEBUG  DISPLAY, Elapsed=7.9379ms
[00:00:00.574] (2d60) DEBUG  CONFIG, Elapsed=94.7µs
[00:00:00.599] (2d60) DEBUG  WAIT, Elapsed=24.3808ms
[00:00:00.599] (2d60) DEBUG  GAME_LOOP, Elapsed=40.6653ms
[00:00:00.599] (2d60) DEBUG  INPUT, Elapsed=14.3µs
[00:00:00.599] (2d60) DEBUG  MISC, Elapsed=700ns
[00:00:00.605] (2d60) DEBUG  LOGIC, Elapsed=6.33ms
[00:00:00.613] (2d60) DEBUG  DISPLAY, Elapsed=8.0277ms
[00:00:00.614] (2d60) DEBUG  CONFIG, Elapsed=118.1µs
[00:00:00.640] (2d60) DEBUG  WAIT, Elapsed=25.7814ms
[00:00:00.640] (2d60) DEBUG  GAME_LOOP, Elapsed=40.7738ms
[00:00:00.640] (2d60) DEBUG  INPUT, Elapsed=23.1µs
[00:00:00.640] (2d60) DEBUG  MISC, Elapsed=1µs
[00:00:00.645] (2d60) DEBUG  LOGIC, Elapsed=5.4861ms
[00:00:00.653] (2d60) DEBUG  DISPLAY, Elapsed=7.6896ms
[00:00:00.653] (2d60) DEBUG  CONFIG, Elapsed=117.9µs
[00:00:00.680] (2d60) DEBUG  WAIT, Elapsed=27.0079ms
[00:00:00.680] (2d60) DEBUG  GAME_LOOP, Elapsed=40.7218ms
[00:00:00.681] (2d60) DEBUG  INPUT, Elapsed=48.2µs
[00:00:00.681] (2d60) DEBUG  MISC, Elapsed=600ns
[00:00:00.685] (2d60) DEBUG  LOGIC, Elapsed=4.2925ms
[00:00:00.694] (2d60) DEBUG  DISPLAY, Elapsed=8.5477ms
[00:00:00.694] (2d60) DEBUG  CONFIG, Elapsed=98.6µs
[00:00:00.722] (2d60) DEBUG  WAIT, Elapsed=27.8501ms
[00:00:00.722] (2d60) DEBUG  GAME_LOOP, Elapsed=41.3252ms
[00:00:00.722] (2d60) DEBUG  INPUT, Elapsed=14µs
[00:00:00.722] (2d60) DEBUG  MISC, Elapsed=600ns
[00:00:00.727] (2d60) DEBUG  LOGIC, Elapsed=4.8443ms
[00:00:00.735] (2d60) DEBUG  DISPLAY, Elapsed=7.8794ms
[00:00:00.735] (2d60) DEBUG  CONFIG, Elapsed=92.8µs
[00:00:00.761] (2d60) DEBUG  WAIT, Elapsed=26.16ms
[00:00:00.761] (2d60) DEBUG  GAME_LOOP, Elapsed=39.4196ms
[00:00:00.761] (2d60) DEBUG  INPUT, Elapsed=15.8µs
[00:00:00.762] (2d60) DEBUG  MISC, Elapsed=800ns
[00:00:00.768] (2d60) DEBUG  LOGIC, Elapsed=6.2345ms
[00:00:00.776] (2d60) DEBUG  DISPLAY, Elapsed=8.3441ms
[00:00:00.776] (2d60) DEBUG  CONFIG, Elapsed=73.6µs
[00:00:00.802] (2d60) DEBUG  WAIT, Elapsed=25.6358ms
[00:00:00.802] (2d60) DEBUG  GAME_LOOP, Elapsed=40.7924ms
[00:00:00.802] (2d60) DEBUG  INPUT, Elapsed=19.3µs
[00:00:00.802] (2d60) DEBUG  MISC, Elapsed=1µs
[00:00:00.809] (2d60) DEBUG  LOGIC, Elapsed=6.8686ms
[00:00:00.817] (2d60) DEBUG  DISPLAY, Elapsed=7.2558ms
[00:00:00.817] (2d60) DEBUG  CONFIG, Elapsed=218.2µs
[00:00:00.843] (2d60) DEBUG  WAIT, Elapsed=25.8106ms
[00:00:00.843] (2d60) DEBUG  GAME_LOOP, Elapsed=40.6756ms
[00:00:00.843] (2d60) DEBUG  INPUT, Elapsed=9.7µs
[00:00:00.843] (2d60) DEBUG  MISC, Elapsed=500ns
[00:00:00.847] (2d60) DEBUG  LOGIC, Elapsed=4.1936ms
[00:00:00.855] (2d60) DEBUG  DISPLAY, Elapsed=7.2883ms
[00:00:00.855] (2d60) DEBUG  CONFIG, Elapsed=171.1µs
[00:00:00.884] (2d60) DEBUG  WAIT, Elapsed=28.8916ms
[00:00:00.884] (2d60) DEBUG  GAME_LOOP, Elapsed=40.9224ms
[00:00:00.884] (2d60) DEBUG  INPUT, Elapsed=18.2µs
[00:00:00.884] (2d60) DEBUG  MISC, Elapsed=1.2µs
[00:00:00.891] (2d60) DEBUG  LOGIC, Elapsed=6.4221ms
[00:00:00.898] (2d60) DEBUG  DISPLAY, Elapsed=6.8482ms
[00:00:00.898] (2d60) DEBUG  CONFIG, Elapsed=114.9µs
[00:00:00.925] (2d60) DEBUG  WAIT, Elapsed=26.662ms
[00:00:00.925] (2d60) DEBUG  GAME_LOOP, Elapsed=40.6502ms
[00:00:00.925] (2d60) DEBUG  INPUT, Elapsed=16.5µs
[00:00:00.925] (2d60) DEBUG  MISC, Elapsed=1µs
[00:00:00.933] (2d60) DEBUG  LOGIC, Elapsed=8.5069ms
[00:00:00.943] (2d60) DEBUG  DISPLAY, Elapsed=9.1517ms
[00:00:00.943] (2d60) DEBUG  CONFIG, Elapsed=76.5µs
[00:00:00.965] (2d60) DEBUG  WAIT, Elapsed=22.1415ms
[00:00:00.965] (2d60) DEBUG  GAME_LOOP, Elapsed=40.362ms
[00:00:00.965] (2d60) DEBUG  INPUT, Elapsed=16.4µs
[00:00:00.965] (2d60) DEBUG  MISC, Elapsed=600ns
[00:00:00.971] (2d60) DEBUG  LOGIC, Elapsed=5.4098ms
[00:00:00.978] (2d60) DEBUG  DISPLAY, Elapsed=7.7415ms
[00:00:00.979] (2d60) DEBUG  CONFIG, Elapsed=78.1µs
[00:00:01.006] (2d60) DEBUG  WAIT, Elapsed=27.2945ms
[00:00:01.006] (2d60) DEBUG  GAME_LOOP, Elapsed=40.9912ms
[00:00:01.006] (2d60) DEBUG  INPUT, Elapsed=19.7µs
[00:00:01.006] (2d60) DEBUG  MISC, Elapsed=1.2µs
[00:00:01.013] (2d60) DEBUG  LOGIC, Elapsed=6.1742ms
[00:00:01.020] (2d60) DEBUG  DISPLAY, Elapsed=6.9256ms
[00:00:01.020] (2d60) DEBUG  CONFIG, Elapsed=234.1µs
[00:00:01.047] (2d60) DEBUG  WAIT, Elapsed=26.9297ms
[00:00:01.047] (2d60) DEBUG  GAME_LOOP, Elapsed=40.759ms
[00:00:01.047] (2d60) DEBUG  INPUT, Elapsed=13.3µs
[00:00:01.047] (2d60) DEBUG  MISC, Elapsed=600ns
[00:00:01.052] (2d60) DEBUG  LOGIC, Elapsed=5.1355ms
[00:00:01.059] (2d60) DEBUG  DISPLAY, Elapsed=6.8884ms
[00:00:01.059] (2d60) DEBUG  CONFIG, Elapsed=123.4µs
[00:00:01.088] (2d60) DEBUG  WAIT, Elapsed=28.3763ms
[00:00:01.088] (2d60) DEBUG  GAME_LOOP, Elapsed=40.9602ms
[00:00:01.089] (2d60) DEBUG  INPUT, Elapsed=786.7µs
[00:00:01.089] (2d60) DEBUG  MISC, Elapsed=1.5µs
[00:00:01.095] (2d60) DEBUG  LOGIC, Elapsed=5.735ms
[00:00:01.101] (2d60) DEBUG  DISPLAY, Elapsed=6.1891ms
[00:00:01.101] (2d60) DEBUG  CONFIG, Elapsed=127.1µs
[00:00:01.128] (2d60) DEBUG  WAIT, Elapsed=26.3399ms
[00:00:01.128] (2d60) DEBUG  GAME_LOOP, Elapsed=39.7324ms
[00:00:01.128] (2d60) DEBUG  INPUT, Elapsed=39.2µs
[00:00:01.128] (2d60) DEBUG  MISC, Elapsed=1.4µs
[00:00:01.135] (2d60) DEBUG  LOGIC, Elapsed=7.222ms
[00:00:01.142] (2d60) DEBUG  DISPLAY, Elapsed=6.8731ms
[00:00:01.143] (2d60) DEBUG  CONFIG, Elapsed=269.9µs
[00:00:01.169] (2d60) DEBUG  WAIT, Elapsed=25.8005ms
[00:00:01.169] (2d60) DEBUG  GAME_LOOP, Elapsed=40.8349ms
[00:00:01.169] (2d60) DEBUG  INPUT, Elapsed=90.7µs
[00:00:01.169] (2d60) DEBUG  MISC, Elapsed=900ns
[00:00:01.176] (2d60) DEBUG  LOGIC, Elapsed=7.1994ms
[00:00:01.183] (2d60) DEBUG  DISPLAY, Elapsed=6.8878ms
[00:00:01.184] (2d60) DEBUG  CONFIG, Elapsed=241µs
[00:00:01.210] (2d60) DEBUG  WAIT, Elapsed=25.8263ms
[00:00:01.210] (2d60) DEBUG  GAME_LOOP, Elapsed=40.8017ms
[00:00:01.210] (2d60) DEBUG  INPUT, Elapsed=355.8µs
[00:00:01.211] (2d60) DEBUG  MISC, Elapsed=233.9µs
[00:00:01.258] (2d60) DEBUG  LOGIC, Elapsed=47.0799ms
[00:00:01.265] (2d60) DEBUG  DISPLAY, Elapsed=7.4971ms
[00:00:01.266] (2d60) DEBUG  CONFIG, Elapsed=91µs
[00:00:01.266] (2d60) DEBUG  WAIT, Elapsed=3.3µs
[00:00:01.266] (2d60) DEBUG  GAME_LOOP, Elapsed=55.8712ms
[00:00:01.266] (2d60) DEBUG  INPUT, Elapsed=9.9µs
[00:00:01.266] (2d60) DEBUG  MISC, Elapsed=500ns
[00:00:01.270] (2d60) DEBUG  LOGIC, Elapsed=4.1666ms
[00:00:01.278] (2d60) DEBUG  DISPLAY, Elapsed=7.825ms
[00:00:01.278] (2d60) DEBUG  CONFIG, Elapsed=136.8µs
[00:00:01.291] (2d60) DEBUG  WAIT, Elapsed=13.1066ms
[00:00:01.291] (2d60) DEBUG  GAME_LOOP, Elapsed=25.6407ms
[00:00:01.291] (2d60) DEBUG  INPUT, Elapsed=12.8µs
[00:00:01.292] (2d60) DEBUG  MISC, Elapsed=800ns
[00:00:01.296] (2d60) DEBUG  LOGIC, Elapsed=3.9969ms
[00:00:01.302] (2d60) DEBUG  DISPLAY, Elapsed=6.6263ms
[00:00:01.302] (2d60) DEBUG  CONFIG, Elapsed=123.4µs
[00:00:01.331] (2d60) DEBUG  WAIT, Elapsed=28.8501ms
[00:00:01.331] (2d60) DEBUG  GAME_LOOP, Elapsed=39.9791ms
[00:00:01.332] (2d60) DEBUG  INPUT, Elapsed=13.7µs
[00:00:01.332] (2d60) DEBUG  MISC, Elapsed=700ns
[00:00:01.336] (2d60) DEBUG  LOGIC, Elapsed=4.6618ms
[00:00:01.343] (2d60) DEBUG  DISPLAY, Elapsed=6.6261ms
[00:00:01.343] (2d60) DEBUG  CONFIG, Elapsed=194.2µs
[00:00:01.372] (2d60) DEBUG  WAIT, Elapsed=28.8597ms
[00:00:01.372] (2d60) DEBUG  GAME_LOOP, Elapsed=40.8456ms
[00:00:01.373] (2d60) DEBUG  INPUT, Elapsed=141.2µs
[00:00:01.373] (2d60) DEBUG  MISC, Elapsed=1.8µs
[00:00:01.379] (2d60) DEBUG  LOGIC, Elapsed=6.3626ms
[00:00:01.386] (2d60) DEBUG  DISPLAY, Elapsed=6.67ms
[00:00:01.386] (2d60) DEBUG  CONFIG, Elapsed=101.4µs
[00:00:01.413] (2d60) DEBUG  WAIT, Elapsed=26.8423ms
[00:00:01.413] (2d60) DEBUG  GAME_LOOP, Elapsed=40.7411ms
[00:00:01.413] (2d60) DEBUG  INPUT, Elapsed=16.5µs
[00:00:01.413] (2d60) DEBUG  MISC, Elapsed=900ns
[00:00:01.421] (2d60) DEBUG  LOGIC, Elapsed=7.0819ms
[00:00:01.428] (2d60) DEBUG  DISPLAY, Elapsed=7.3951ms
[00:00:01.428] (2d60) DEBUG  CONFIG, Elapsed=169.2µs
[00:00:01.454] (2d60) DEBUG  WAIT, Elapsed=25.547ms
[00:00:01.454] (2d60) DEBUG  GAME_LOOP, Elapsed=40.7173ms
[00:00:01.454] (2d60) DEBUG  INPUT, Elapsed=15.3µs
[00:00:01.454] (2d60) DEBUG  MISC, Elapsed=800ns
[00:00:01.461] (2d60) DEBUG  LOGIC, Elapsed=6.4763ms
[00:00:01.467] (2d60) DEBUG  DISPLAY, Elapsed=6.4121ms
[00:00:01.467] (2d60) DEBUG  CONFIG, Elapsed=137.9µs
[00:00:01.495] (2d60) DEBUG  WAIT, Elapsed=27.2652ms
[00:00:01.495] (2d60) DEBUG  GAME_LOOP, Elapsed=40.7753ms
[00:00:01.495] (2d60) DEBUG  INPUT, Elapsed=15.8µs
[00:00:01.495] (2d60) DEBUG  MISC, Elapsed=800ns
[00:00:01.502] (2d60) DEBUG  LOGIC, Elapsed=6.7683ms
[00:00:01.509] (2d60) DEBUG  DISPLAY, Elapsed=7.0295ms
[00:00:01.509] (2d60) DEBUG  CONFIG, Elapsed=91.3µs
[00:00:01.536] (2d60) DEBUG  WAIT, Elapsed=26.47ms
[00:00:01.536] (2d60) DEBUG  GAME_LOOP, Elapsed=40.8216ms
[00:00:01.536] (2d60) DEBUG  INPUT, Elapsed=17.9µs
[00:00:01.536] (2d60) DEBUG  MISC, Elapsed=700ns
[00:00:01.543] (2d60) DEBUG  LOGIC, Elapsed=6.5609ms
[00:00:01.549] (2d60) DEBUG  DISPLAY, Elapsed=6.4567ms
[00:00:01.549] (2d60) DEBUG  CONFIG, Elapsed=176.4µs
[00:00:01.577] (2d60) DEBUG  WAIT, Elapsed=27.0737ms
[00:00:01.577] (2d60) DEBUG  GAME_LOOP, Elapsed=40.8258ms
[00:00:01.577] (2d60) DEBUG  INPUT, Elapsed=20.6µs
[00:00:01.577] (2d60) DEBUG  MISC, Elapsed=900ns
[00:00:01.583] (2d60) DEBUG  LOGIC, Elapsed=6.2963ms
[00:00:01.590] (2d60) DEBUG  DISPLAY, Elapsed=6.6413ms
[00:00:01.590] (2d60) DEBUG  CONFIG, Elapsed=290.9µs
[00:00:01.617] (2d60) DEBUG  WAIT, Elapsed=26.8688ms
[00:00:01.618] (2d60) DEBUG  GAME_LOOP, Elapsed=40.6778ms
[00:00:01.618] (2d60) DEBUG  INPUT, Elapsed=15.6µs
[00:00:01.618] (2d60) DEBUG  MISC, Elapsed=700ns
[00:00:01.625] (2d60) DEBUG  LOGIC, Elapsed=7.0093ms
[00:00:01.632] (2d60) DEBUG  DISPLAY, Elapsed=6.7227ms
[00:00:01.632] (2d60) DEBUG  CONFIG, Elapsed=122.7µs
[00:00:01.658] (2d60) DEBUG  WAIT, Elapsed=26.3206ms
[00:00:01.658] (2d60) DEBUG  GAME_LOOP, Elapsed=40.6473ms
[00:00:01.658] (2d60) DEBUG  INPUT, Elapsed=10.4µs
[00:00:01.658] (2d60) DEBUG  MISC, Elapsed=600ns
[00:00:01.662] (2d60) DEBUG  LOGIC, Elapsed=3.7907ms
[00:00:01.668] (2d60) DEBUG  DISPLAY, Elapsed=5.9545ms
[00:00:01.668] (2d60) DEBUG  CONFIG, Elapsed=127.9µs
[00:00:01.698] (2d60) DEBUG  WAIT, Elapsed=29.8627ms
[00:00:01.698] (2d60) DEBUG  GAME_LOOP, Elapsed=40.0998ms
[00:00:01.698] (2d60) DEBUG  INPUT, Elapsed=12µs
[00:00:01.699] (2d60) DEBUG  MISC, Elapsed=500ns
[00:00:01.703] (2d60) DEBUG  LOGIC, Elapsed=4.2406ms
[00:00:01.710] (2d60) DEBUG  DISPLAY, Elapsed=6.857ms
[00:00:01.710] (2d60) DEBUG  CONFIG, Elapsed=105.7µs
[00:00:01.739] (2d60) DEBUG  WAIT, Elapsed=29.1891ms
[00:00:01.739] (2d60) DEBUG  GAME_LOOP, Elapsed=40.8365ms
[00:00:01.739] (2d60) DEBUG  INPUT, Elapsed=16.5µs
[00:00:01.739] (2d60) DEBUG  MISC, Elapsed=800ns
[00:00:01.745] (2d60) DEBUG  LOGIC, Elapsed=5.2774ms
[00:00:01.751] (2d60) DEBUG  DISPLAY, Elapsed=6.4896ms
[00:00:01.752] (2d60) DEBUG  CONFIG, Elapsed=124.6µs
[00:00:01.780] (2d60) DEBUG  WAIT, Elapsed=28.7884ms
[00:00:01.781] (2d60) DEBUG  GAME_LOOP, Elapsed=41.1473ms
[00:00:01.781] (2d60) DEBUG  INPUT, Elapsed=17.1µs
[00:00:01.781] (2d60) DEBUG  MISC, Elapsed=900ns
[00:00:01.788] (2d60) DEBUG  LOGIC, Elapsed=7.5342ms
[00:00:01.796] (2d60) DEBUG  DISPLAY, Elapsed=7.4526ms
[00:00:01.796] (2d60) DEBUG  CONFIG, Elapsed=119.5µs
[00:00:01.820] (2d60) DEBUG  WAIT, Elapsed=24.2104ms
[00:00:01.821] (2d60) DEBUG  GAME_LOOP, Elapsed=39.9068ms
[00:00:01.821] (2d60) DEBUG  INPUT, Elapsed=19.2µs
[00:00:01.821] (2d60) DEBUG  MISC, Elapsed=900ns
[00:00:01.827] (2d60) DEBUG  LOGIC, Elapsed=6.196ms
[00:00:01.834] (2d60) DEBUG  DISPLAY, Elapsed=7.1848ms
[00:00:01.834] (2d60) DEBUG  CONFIG, Elapsed=81.8µs
[00:00:01.861] (2d60) DEBUG  WAIT, Elapsed=26.7002ms
[00:00:01.861] (2d60) DEBUG  GAME_LOOP, Elapsed=40.6485ms
[00:00:01.861] (2d60) DEBUG  INPUT, Elapsed=12.9µs
[00:00:01.861] (2d60) DEBUG  MISC, Elapsed=800ns
[00:00:01.867] (2d60) DEBUG  LOGIC, Elapsed=5.4867ms
[00:00:01.874] (2d60) DEBUG  DISPLAY, Elapsed=7.0585ms
[00:00:01.874] (2d60) DEBUG  CONFIG, Elapsed=128.6µs
[00:00:01.902] (2d60) DEBUG  WAIT, Elapsed=27.3651ms
[00:00:01.902] (2d60) DEBUG  GAME_LOOP, Elapsed=40.5363ms
[00:00:01.902] (2d60) DEBUG  INPUT, Elapsed=20.1µs
[00:00:01.902] (2d60) DEBUG  MISC, Elapsed=1µs
[00:00:01.909] (2d60) DEBUG  LOGIC, Elapsed=6.5276ms
[00:00:01.915] (2d60) DEBUG  DISPLAY, Elapsed=6.3368ms
[00:00:01.915] (2d60) DEBUG  CONFIG, Elapsed=223.9µs
[00:00:01.943] (2d60) DEBUG  WAIT, Elapsed=27.0607ms
[00:00:01.943] (2d60) DEBUG  GAME_LOOP, Elapsed=40.6639ms
[00:00:01.943] (2d60) DEBUG  INPUT, Elapsed=14.9µs
[00:00:01.943] (2d60) DEBUG  MISC, Elapsed=600ns
[00:00:01.948] (2d60) DEBUG  LOGIC, Elapsed=4.8117ms
[00:00:01.954] (2d60) DEBUG  DISPLAY, Elapsed=6.1607ms
[00:00:01.954] (2d60) DEBUG  CONFIG, Elapsed=117.2µs
[00:00:01.983] (2d60) DEBUG  WAIT, Elapsed=29.4052ms
[00:00:01.984] (2d60) DEBUG  GAME_LOOP, Elapsed=40.9299ms
[00:00:01.984] (2d60) DEBUG  INPUT, Elapsed=19µs
[00:00:01.984] (2d60) DEBUG  MISC, Elapsed=1.3µs
[00:00:01.991] (2d60) DEBUG  LOGIC, Elapsed=6.8049ms
[00:00:01.997] (2d60) DEBUG  DISPLAY, Elapsed=6.2198ms
[00:00:01.997] (2d60) DEBUG  CONFIG, Elapsed=155.4µs
[00:00:02.024] (2d60) DEBUG  WAIT, Elapsed=26.8683ms
[00:00:02.024] (2d60) DEBUG  GAME_LOOP, Elapsed=40.5873ms
[00:00:02.024] (2d60) DEBUG  INPUT, Elapsed=16.3µs
[00:00:02.024] (2d60) DEBUG  MISC, Elapsed=800ns
[00:00:02.028] (2d60) DEBUG  LOGIC, Elapsed=3.8272ms
[00:00:02.035] (2d60) DEBUG  DISPLAY, Elapsed=6.1646ms
[00:00:02.035] (2d60) DEBUG  CONFIG, Elapsed=120.6µs
[00:00:02.065] (2d60) DEBUG  WAIT, Elapsed=30.3714ms
[00:00:02.065] (2d60) DEBUG  GAME_LOOP, Elapsed=40.9ms
[00:00:02.065] (2d60) DEBUG  INPUT, Elapsed=19.3µs
[00:00:02.065] (2d60) DEBUG  MISC, Elapsed=900ns
[00:00:02.073] (2d60) DEBUG  LOGIC, Elapsed=7.6163ms
[00:00:02.080] (2d60) DEBUG  DISPLAY, Elapsed=6.572ms
[00:00:02.080] (2d60) DEBUG  CONFIG, Elapsed=153.5µs
[00:00:02.106] (2d60) DEBUG  WAIT, Elapsed=25.8593ms
[00:00:02.106] (2d60) DEBUG  GAME_LOOP, Elapsed=40.8113ms
[00:00:02.106] (2d60) DEBUG  INPUT, Elapsed=20.4µs
[00:00:02.106] (2d60) DEBUG  MISC, Elapsed=900ns
[00:00:02.113] (2d60) DEBUG  LOGIC, Elapsed=6.919ms
[00:00:02.120] (2d60) DEBUG  DISPLAY, Elapsed=6.3994ms
[00:00:02.120] (2d60) DEBUG  CONFIG, Elapsed=134µs
[00:00:02.147] (2d60) DEBUG  WAIT, Elapsed=26.7745ms
[00:00:02.147] (2d60) DEBUG  GAME_LOOP, Elapsed=40.8631ms
[00:00:02.147] (2d60) DEBUG  INPUT, Elapsed=21.6µs
[00:00:02.147] (2d60) DEBUG  MISC, Elapsed=1µs
[00:00:02.154] (2d60) DEBUG  LOGIC, Elapsed=6.849ms
[00:00:02.162] (2d60) DEBUG  DISPLAY, Elapsed=7.4981ms
[00:00:02.162] (2d60) DEBUG  CONFIG, Elapsed=90.1µs
[00:00:02.188] (2d60) DEBUG  WAIT, Elapsed=25.8264ms
[00:00:02.188] (2d60) DEBUG  GAME_LOOP, Elapsed=40.8177ms
[00:00:02.188] (2d60) DEBUG  INPUT, Elapsed=21.7µs
[00:00:02.188] (2d60) DEBUG  MISC, Elapsed=1.2µs
[00:00:02.195] (2d60) DEBUG  LOGIC, Elapsed=6.1812ms
[00:00:02.201] (2d60) DEBUG  DISPLAY, Elapsed=6.3232ms
[00:00:02.201] (2d60) DEBUG  CONFIG, Elapsed=117.1µs
[00:00:02.229] (2d60) DEBUG  WAIT, Elapsed=27.512ms
[00:00:02.229] (2d60) DEBUG  GAME_LOOP, Elapsed=40.708ms
[00:00:02.229] (2d60) DEBUG  INPUT, Elapsed=27.4µs
[00:00:02.229] (2d60) DEBUG  MISC, Elapsed=1.1µs
[00:00:02.236] (2d60) DEBUG  LOGIC, Elapsed=6.845ms
[00:00:02.244] (2d60) DEBUG  DISPLAY, Elapsed=7.5624ms
[00:00:02.244] (2d60) DEBUG  CONFIG, Elapsed=126µs
[00:00:02.270] (2d60) DEBUG  WAIT, Elapsed=25.5659ms
[00:00:02.270] (2d60) DEBUG  GAME_LOOP, Elapsed=40.6926ms
[00:00:02.270] (2d60) DEBUG  INPUT, Elapsed=23.5µs
[00:00:02.270] (2d60) DEBUG  MISC, Elapsed=1.4µs
[00:00:02.277] (2d60) DEBUG  LOGIC, Elapsed=6.5231ms
[00:00:02.283] (2d60) DEBUG  DISPLAY, Elapsed=6.27ms
[00:00:02.283] (2d60) DEBUG  CONFIG, Elapsed=126.8µs
[00:00:02.310] (2d60) DEBUG  WAIT, Elapsed=27.1734ms
[00:00:02.311] (2d60) DEBUG  GAME_LOOP, Elapsed=40.6939ms
[00:00:02.311] (2d60) DEBUG  INPUT, Elapsed=22.3µs
[00:00:02.311] (2d60) DEBUG  MISC, Elapsed=1µs
[00:00:02.318] (2d60) DEBUG  LOGIC, Elapsed=6.6712ms
[00:00:02.325] (2d60) DEBUG  DISPLAY, Elapsed=6.9347ms
[00:00:02.325] (2d60) DEBUG  CONFIG, Elapsed=114µs
[00:00:02.351] (2d60) DEBUG  WAIT, Elapsed=26.3927ms
[00:00:02.351] (2d60) DEBUG  GAME_LOOP, Elapsed=40.5878ms
[00:00:02.351] (2d60) DEBUG  INPUT, Elapsed=15.5µs
[00:00:02.351] (2d60) DEBUG  MISC, Elapsed=600ns
[00:00:02.355] (2d60) DEBUG  LOGIC, Elapsed=3.7589ms
[00:00:02.362] (2d60) DEBUG  DISPLAY, Elapsed=6.3483ms
[00:00:02.362] (2d60) DEBUG  CONFIG, Elapsed=134.1µs
[00:00:02.392] (2d60) DEBUG  WAIT, Elapsed=30.311ms
[00:00:02.392] (2d60) DEBUG  GAME_LOOP, Elapsed=40.9149ms
[00:00:02.392] (2d60) DEBUG  INPUT, Elapsed=10.1µs
[00:00:02.392] (2d60) DEBUG  MISC, Elapsed=500ns
[00:00:02.396] (2d60) DEBUG  LOGIC, Elapsed=3.71ms
[00:00:02.402] (2d60) DEBUG  DISPLAY, Elapsed=6.2131ms
[00:00:02.402] (2d60) DEBUG  CONFIG, Elapsed=119.4µs
[00:00:02.433] (2d60) DEBUG  WAIT, Elapsed=30.5816ms
[00:00:02.433] (2d60) DEBUG  GAME_LOOP, Elapsed=41.0487ms
[00:00:02.433] (2d60) DEBUG  INPUT, Elapsed=23.3µs
[00:00:02.434] (2d60) DEBUG  MISC, Elapsed=1.2µs
[00:00:02.441] (2d60) DEBUG  LOGIC, Elapsed=7.5266ms
[00:00:02.448] (2d60) DEBUG  DISPLAY, Elapsed=6.5472ms
[00:00:02.448] (2d60) DEBUG  CONFIG, Elapsed=123.8µs
[00:00:02.473] (2d60) DEBUG  WAIT, Elapsed=24.9785ms
[00:00:02.473] (2d60) DEBUG  GAME_LOOP, Elapsed=39.8252ms
[00:00:02.473] (2d60) DEBUG  INPUT, Elapsed=25.2µs
[00:00:02.474] (2d60) DEBUG  MISC, Elapsed=2.2µs
[00:00:02.480] (2d60) DEBUG  LOGIC, Elapsed=5.8976ms
[00:00:02.486] (2d60) DEBUG  DISPLAY, Elapsed=6.2701ms
[00:00:02.486] (2d60) DEBUG  CONFIG, Elapsed=109.2µs
[00:00:02.513] (2d60) DEBUG  WAIT, Elapsed=26.9357ms
[00:00:02.513] (2d60) DEBUG  GAME_LOOP, Elapsed=39.9597ms
[00:00:02.513] (2d60) DEBUG  INPUT, Elapsed=23.1µs
[00:00:02.514] (2d60) DEBUG  MISC, Elapsed=1.3µs
[00:00:02.522] (2d60) DEBUG  LOGIC, Elapsed=7.9291ms
[00:00:02.529] (2d60) DEBUG  DISPLAY, Elapsed=6.9315ms
[00:00:02.529] (2d60) DEBUG  CONFIG, Elapsed=143.4µs
[00:00:02.554] (2d60) DEBUG  WAIT, Elapsed=25.153ms
[00:00:02.554] (2d60) DEBUG  GAME_LOOP, Elapsed=40.7998ms
[00:00:02.554] (2d60) DEBUG  INPUT, Elapsed=21.7µs
[00:00:02.554] (2d60) DEBUG  MISC, Elapsed=1.1µs
[00:00:02.561] (2d60) DEBUG  LOGIC, Elapsed=6.7714ms
[00:00:02.568] (2d60) DEBUG  DISPLAY, Elapsed=6.2018ms
[00:00:02.568] (2d60) DEBUG  CONFIG, Elapsed=256.5µs
[00:00:02.595] (2d60) DEBUG  WAIT, Elapsed=26.8803ms
[00:00:02.595] (2d60) DEBUG  GAME_LOOP, Elapsed=40.6835ms
[00:00:02.595] (2d60) DEBUG  INPUT, Elapsed=17.2µs
[00:00:02.595] (2d60) DEBUG  MISC, Elapsed=900ns
[00:00:02.603] (2d60) DEBUG  LOGIC, Elapsed=7.9117ms
[00:00:02.610] (2d60) DEBUG  DISPLAY, Elapsed=7.1424ms
[00:00:02.611] (2d60) DEBUG  CONFIG, Elapsed=141.2µs
[00:00:02.636] (2d60) DEBUG  WAIT, Elapsed=25.0151ms
[00:00:02.636] (2d60) DEBUG  GAME_LOOP, Elapsed=40.7903ms
[00:00:02.636] (2d60) DEBUG  INPUT, Elapsed=23.4µs
[00:00:02.636] (2d60) DEBUG  MISC, Elapsed=1.1µs
[00:00:02.644] (2d60) DEBUG  LOGIC, Elapsed=8.0548ms
[00:00:02.651] (2d60) DEBUG  DISPLAY, Elapsed=6.5307ms
[00:00:02.651] (2d60) DEBUG  CONFIG, Elapsed=119.8µs
[00:00:02.677] (2d60) DEBUG  WAIT, Elapsed=25.386ms
[00:00:02.677] (2d60) DEBUG  GAME_LOOP, Elapsed=40.715ms
[00:00:02.677] (2d60) DEBUG  INPUT, Elapsed=20.1µs
[00:00:02.677] (2d60) DEBUG  MISC, Elapsed=1µs
[00:00:02.685] (2d60) DEBUG  LOGIC, Elapsed=8.1321ms
[00:00:02.693] (2d60) DEBUG  DISPLAY, Elapsed=7.2382ms
[00:00:02.693] (2d60) DEBUG  CONFIG, Elapsed=110.4µs
[00:00:02.718] (2d60) DEBUG  WAIT, Elapsed=24.7888ms
[00:00:02.718] (2d60) DEBUG  GAME_LOOP, Elapsed=40.9082ms
[00:00:02.718] (2d60) DEBUG  INPUT, Elapsed=21.6µs
[00:00:02.718] (2d60) DEBUG  MISC, Elapsed=1µs
[00:00:02.725] (2d60) DEBUG  LOGIC, Elapsed=7.1662ms
[00:00:02.732] (2d60) DEBUG  DISPLAY, Elapsed=6.3338ms
[00:00:02.732] (2d60) DEBUG  CONFIG, Elapsed=114.4µs
[00:00:02.757] (2d60) DEBUG  WAIT, Elapsed=25.5322ms
[00:00:02.758] (2d60) DEBUG  GAME_LOOP, Elapsed=39.6631ms
[00:00:02.758] (2d60) DEBUG  INPUT, Elapsed=14.9µs
[00:00:02.758] (2d60) DEBUG  MISC, Elapsed=800ns
[00:00:02.764] (2d60) DEBUG  LOGIC, Elapsed=5.7345ms
[00:00:02.770] (2d60) DEBUG  DISPLAY, Elapsed=6.2392ms
[00:00:02.770] (2d60) DEBUG  CONFIG, Elapsed=113.4µs
[00:00:02.798] (2d60) DEBUG  WAIT, Elapsed=28.1946ms
[00:00:02.798] (2d60) DEBUG  GAME_LOOP, Elapsed=40.7752ms
[00:00:02.799] (2d60) DEBUG  INPUT, Elapsed=19.5µs
[00:00:02.799] (2d60) DEBUG  MISC, Elapsed=800ns
[00:00:02.807] (2d60) DEBUG  LOGIC, Elapsed=8.0027ms
[00:00:02.813] (2d60) DEBUG  DISPLAY, Elapsed=6.5438ms
[00:00:02.813] (2d60) DEBUG  CONFIG, Elapsed=121.1µs
[00:00:02.839] (2d60) DEBUG  WAIT, Elapsed=25.6894ms
[00:00:02.839] (2d60) DEBUG  GAME_LOOP, Elapsed=40.9123ms
[00:00:02.840] (2d60) DEBUG  INPUT, Elapsed=18.5µs
[00:00:02.840] (2d60) DEBUG  MISC, Elapsed=1.1µs
[00:00:02.845] (2d60) DEBUG  LOGIC, Elapsed=5.6719ms
[00:00:02.852] (2d60) DEBUG  DISPLAY, Elapsed=6.5821ms
[00:00:02.852] (2d60) DEBUG  CONFIG, Elapsed=108µs
[00:00:02.880] (2d60) DEBUG  WAIT, Elapsed=27.8155ms
[00:00:02.880] (2d60) DEBUG  GAME_LOOP, Elapsed=40.7216ms
[00:00:02.880] (2d60) DEBUG  INPUT, Elapsed=18.9µs
[00:00:02.880] (2d60) DEBUG  MISC, Elapsed=900ns
[00:00:02.887] (2d60) DEBUG  LOGIC, Elapsed=6.2367ms
[00:00:02.894] (2d60) DEBUG  DISPLAY, Elapsed=7.1814ms
[00:00:02.894] (2d60) DEBUG  CONFIG, Elapsed=113.9µs
[00:00:02.921] (2d60) DEBUG  WAIT, Elapsed=26.6522ms
[00:00:02.921] (2d60) DEBUG  GAME_LOOP, Elapsed=40.6702ms
[00:00:02.921] (2d60) DEBUG  INPUT, Elapsed=14.8µs
[00:00:02.921] (2d60) DEBUG  MISC, Elapsed=800ns
[00:00:02.928] (2d60) DEBUG  LOGIC, Elapsed=6.6644ms
[00:00:02.936] (2d60) DEBUG  DISPLAY, Elapsed=7.5018ms
[00:00:02.936] (2d60) DEBUG  CONFIG, Elapsed=123.6µs
[00:00:02.962] (2d60) DEBUG  WAIT, Elapsed=25.7682ms
[00:00:02.962] (2d60) DEBUG  GAME_LOOP, Elapsed=40.7393ms
[00:00:02.962] (2d60) DEBUG  INPUT, Elapsed=16µs
[00:00:02.962] (2d60) DEBUG  MISC, Elapsed=600ns
[00:00:02.968] (2d60) DEBUG  LOGIC, Elapsed=5.5994ms
[00:00:02.974] (2d60) DEBUG  DISPLAY, Elapsed=6.1286ms
[00:00:02.974] (2d60) DEBUG  CONFIG, Elapsed=123.5µs
[00:00:03.003] (2d60) DEBUG  WAIT, Elapsed=28.5147ms
[00:00:03.003] (2d60) DEBUG  GAME_LOOP, Elapsed=40.8869ms
[00:00:03.003] (2d60) DEBUG  INPUT, Elapsed=19.5µs
[00:00:03.003] (2d60) DEBUG  MISC, Elapsed=1.1µs
[00:00:03.010] (2d60) DEBUG  LOGIC, Elapsed=7.0476ms
[00:00:03.018] (2d60) DEBUG  DISPLAY, Elapsed=7.8954ms
[00:00:03.018] (2d60) DEBUG  CONFIG, Elapsed=145.4µs
[00:00:03.043] (2d60) DEBUG  WAIT, Elapsed=24.8589ms
[00:00:03.044] (2d60) DEBUG  GAME_LOOP, Elapsed=40.6064ms
[00:00:03.044] (2d60) DEBUG  INPUT, Elapsed=14.3µs
[00:00:03.044] (2d60) DEBUG  MISC, Elapsed=1.2µs
[00:00:03.049] (2d60) DEBUG  LOGIC, Elapsed=5.6679ms
[00:00:03.057] (2d60) DEBUG  DISPLAY, Elapsed=7.6617ms
[00:00:03.057] (2d60) DEBUG  CONFIG, Elapsed=118.3µs
[00:00:03.084] (2d60) DEBUG  WAIT, Elapsed=26.9471ms
[00:00:03.085] (2d60) DEBUG  GAME_LOOP, Elapsed=40.8993ms
[00:00:03.085] (2d60) DEBUG  INPUT, Elapsed=21.5µs
[00:00:03.085] (2d60) DEBUG  MISC, Elapsed=900ns
[00:00:03.091] (2d60) DEBUG  LOGIC, Elapsed=6.1858ms
[00:00:03.098] (2d60) DEBUG  DISPLAY, Elapsed=6.5931ms
[00:00:03.098] (2d60) DEBUG  CONFIG, Elapsed=122µs
[00:00:03.125] (2d60) DEBUG  WAIT, Elapsed=27.2999ms
[00:00:03.125] (2d60) DEBUG  GAME_LOOP, Elapsed=40.7658ms
[00:00:03.126] (2d60) DEBUG  INPUT, Elapsed=40.3µs
[00:00:03.126] (2d60) DEBUG  MISC, Elapsed=1µs
[00:00:03.132] (2d60) DEBUG  LOGIC, Elapsed=6.1069ms
[00:00:03.138] (2d60) DEBUG  DISPLAY, Elapsed=6.3988ms
[00:00:03.138] (2d60) DEBUG  CONFIG, Elapsed=117.6µs
[00:00:03.166] (2d60) DEBUG  WAIT, Elapsed=27.48ms
[00:00:03.166] (2d60) DEBUG  GAME_LOOP, Elapsed=40.6341ms
[00:00:03.166] (2d60) DEBUG  INPUT, Elapsed=16.8µs
[00:00:03.166] (2d60) DEBUG  MISC, Elapsed=900ns
[00:00:03.172] (2d60) DEBUG  LOGIC, Elapsed=6.0114ms
[00:00:03.179] (2d60) DEBUG  DISPLAY, Elapsed=6.2349ms
[00:00:03.179] (2d60) DEBUG  CONFIG, Elapsed=337.7µs
[00:00:03.207] (2d60) DEBUG  WAIT, Elapsed=27.6648ms
[00:00:03.207] (2d60) DEBUG  GAME_LOOP, Elapsed=40.8468ms
[00:00:03.207] (2d60) DEBUG  INPUT, Elapsed=18.2µs
[00:00:03.207] (2d60) DEBUG  MISC, Elapsed=1µs
[00:00:03.214] (2d60) DEBUG  LOGIC, Elapsed=6.6552ms
[00:00:03.221] (2d60) DEBUG  DISPLAY, Elapsed=6.3802ms
[00:00:03.221] (2d60) DEBUG  CONFIG, Elapsed=198.8µs
[00:00:03.248] (2d60) DEBUG  WAIT, Elapsed=26.9277ms
[00:00:03.248] (2d60) DEBUG  GAME_LOOP, Elapsed=40.6909ms
[00:00:03.248] (2d60) DEBUG  INPUT, Elapsed=22.1µs
[00:00:03.248] (2d60) DEBUG  MISC, Elapsed=700ns
[00:00:03.253] (2d60) DEBUG  LOGIC, Elapsed=5.3477ms
[00:00:03.261] (2d60) DEBUG  DISPLAY, Elapsed=7.0088ms
[00:00:03.261] (2d60) DEBUG  CONFIG, Elapsed=154.6µs
[00:00:03.289] (2d60) DEBUG  WAIT, Elapsed=27.8919ms
[00:00:03.289] (2d60) DEBUG  GAME_LOOP, Elapsed=40.9814ms
[00:00:03.289] (2d60) DEBUG  INPUT, Elapsed=20.5µs
[00:00:03.289] (2d60) DEBUG  MISC, Elapsed=1.9µs
[00:00:03.296] (2d60) DEBUG  LOGIC, Elapsed=6.6022ms
[00:00:03.303] (2d60) DEBUG  DISPLAY, Elapsed=6.6381ms
[00:00:03.303] (2d60) DEBUG  CONFIG, Elapsed=109.3µs
[00:00:03.330] (2d60) DEBUG  WAIT, Elapsed=26.6248ms
[00:00:03.330] (2d60) DEBUG  GAME_LOOP, Elapsed=40.5643ms
[00:00:03.330] (2d60) DEBUG  INPUT, Elapsed=16.4µs
[00:00:03.330] (2d60) DEBUG  MISC, Elapsed=700ns
[00:00:03.335] (2d60) DEBUG  LOGIC, Elapsed=5.1462ms
[00:00:03.342] (2d60) DEBUG  DISPLAY, Elapsed=7.0846ms
[00:00:03.342] (2d60) DEBUG  CONFIG, Elapsed=200.2µs
[00:00:03.370] (2d60) DEBUG  WAIT, Elapsed=27.877ms
[00:00:03.370] (2d60) DEBUG  GAME_LOOP, Elapsed=40.7593ms
[00:00:03.371] (2d60) DEBUG  INPUT, Elapsed=16.8µs
[00:00:03.371] (2d60) DEBUG  MISC, Elapsed=700ns
[00:00:03.377] (2d60) DEBUG  LOGIC, Elapsed=6.4667ms
[00:00:03.384] (2d60) DEBUG  DISPLAY, Elapsed=6.6812ms
[00:00:03.384] (2d60) DEBUG  CONFIG, Elapsed=127.1µs
[00:00:03.411] (2d60) DEBUG  WAIT, Elapsed=27.2374ms
[00:00:03.412] (2d60) DEBUG  GAME_LOOP, Elapsed=40.9961ms
[00:00:03.412] (2d60) DEBUG  INPUT, Elapsed=17.3µs
[00:00:03.412] (2d60) DEBUG  MISC, Elapsed=900ns
[00:00:03.418] (2d60) DEBUG  LOGIC, Elapsed=6.4932ms
[00:00:03.425] (2d60) DEBUG  DISPLAY, Elapsed=6.9548ms
[00:00:03.426] (2d60) DEBUG  CONFIG, Elapsed=123.3µs
[00:00:03.452] (2d60) DEBUG  WAIT, Elapsed=26.6605ms
[00:00:03.452] (2d60) DEBUG  GAME_LOOP, Elapsed=40.8007ms
[00:00:03.453] (2d60) DEBUG  INPUT, Elapsed=152.6µs
[00:00:03.453] (2d60) DEBUG  MISC, Elapsed=1.8µs
[00:00:03.460] (2d60) DEBUG  LOGIC, Elapsed=7.4521ms
[00:00:03.468] (2d60) DEBUG  DISPLAY, Elapsed=7.0822ms
[00:00:03.468] (2d60) DEBUG  CONFIG, Elapsed=78.6µs
[00:00:03.493] (2d60) DEBUG  WAIT, Elapsed=25.3293ms
[00:00:03.493] (2d60) DEBUG  GAME_LOOP, Elapsed=40.6487ms
[00:00:03.493] (2d60) DEBUG  INPUT, Elapsed=15µs
[00:00:03.493] (2d60) DEBUG  MISC, Elapsed=800ns
[00:00:03.500] (2d60) DEBUG  LOGIC, Elapsed=6.6264ms
[00:00:03.508] (2d60) DEBUG  DISPLAY, Elapsed=7.7878ms
[00:00:03.508] (2d60) DEBUG  CONFIG, Elapsed=116µs
[00:00:03.534] (2d60) DEBUG  WAIT, Elapsed=25.776ms
[00:00:03.534] (2d60) DEBUG  GAME_LOOP, Elapsed=40.8659ms
[00:00:03.534] (2d60) DEBUG  INPUT, Elapsed=30µs
[00:00:03.534] (2d60) DEBUG  MISC, Elapsed=900ns
[00:00:03.541] (2d60) DEBUG  LOGIC, Elapsed=6.4539ms
[00:00:03.547] (2d60) DEBUG  DISPLAY, Elapsed=6.1527ms
[00:00:03.547] (2d60) DEBUG  CONFIG, Elapsed=127.7µs
[00:00:03.575] (2d60) DEBUG  WAIT, Elapsed=27.4157ms
[00:00:03.575] (2d60) DEBUG  GAME_LOOP, Elapsed=40.6951ms
[00:00:03.575] (2d60) DEBUG  INPUT, Elapsed=18µs
[00:00:03.575] (2d60) DEBUG  MISC, Elapsed=900ns
[00:00:03.581] (2d60) DEBUG  LOGIC, Elapsed=5.9361ms
[00:00:03.588] (2d60) DEBUG  DISPLAY, Elapsed=6.533ms
[00:00:03.588] (2d60) DEBUG  CONFIG, Elapsed=120.4µs
[00:00:03.616] (2d60) DEBUG  WAIT, Elapsed=27.7289ms
[00:00:03.616] (2d60) DEBUG  GAME_LOOP, Elapsed=40.8362ms
[00:00:03.616] (2d60) DEBUG  INPUT, Elapsed=18.9µs
[00:00:03.616] (2d60) DEBUG  MISC, Elapsed=700ns
[00:00:03.623] (2d60) DEBUG  LOGIC, Elapsed=6.651ms
[00:00:03.629] (2d60) DEBUG  DISPLAY, Elapsed=6.2259ms
[00:00:03.629] (2d60) DEBUG  CONFIG, Elapsed=128.5µs
[00:00:03.655] (2d60) DEBUG  WAIT, Elapsed=26.0969ms
[00:00:03.656] (2d60) DEBUG  GAME_LOOP, Elapsed=39.6043ms
[00:00:03.656] (2d60) DEBUG  INPUT, Elapsed=14.7µs
[00:00:03.656] (2d60) DEBUG  MISC, Elapsed=800ns
[00:00:03.662] (2d60) DEBUG  LOGIC, Elapsed=6.2896ms
[00:00:03.669] (2d60) DEBUG  DISPLAY, Elapsed=6.5008ms
[00:00:03.669] (2d60) DEBUG  CONFIG, Elapsed=125µs
[00:00:03.696] (2d60) DEBUG  WAIT, Elapsed=27.4815ms
[00:00:03.697] (2d60) DEBUG  GAME_LOOP, Elapsed=40.9589ms
[00:00:03.697] (2d60) DEBUG  INPUT, Elapsed=16.4µs
[00:00:03.697] (2d60) DEBUG  MISC, Elapsed=800ns
[00:00:03.702] (2d60) DEBUG  LOGIC, Elapsed=5.0637ms
[00:00:03.709] (2d60) DEBUG  DISPLAY, Elapsed=7.2423ms
[00:00:03.710] (2d60) DEBUG  CONFIG, Elapsed=78.3µs
[00:00:03.737] (2d60) DEBUG  WAIT, Elapsed=27.7083ms
[00:00:03.737] (2d60) DEBUG  GAME_LOOP, Elapsed=40.6111ms
[00:00:03.737] (2d60) DEBUG  INPUT, Elapsed=13.6µs
[00:00:03.737] (2d60) DEBUG  MISC, Elapsed=500ns
[00:00:03.742] (2d60) DEBUG  LOGIC, Elapsed=4.4597ms
[00:00:03.748] (2d60) DEBUG  DISPLAY, Elapsed=6.4691ms
[00:00:03.749] (2d60) DEBUG  CONFIG, Elapsed=128µs
[00:00:03.778] (2d60) DEBUG  WAIT, Elapsed=29.4223ms
[00:00:03.778] (2d60) DEBUG  GAME_LOOP, Elapsed=40.9073ms
[00:00:03.779] (2d60) DEBUG  INPUT, Elapsed=185.9µs
[00:00:03.779] (2d60) DEBUG  MISC, Elapsed=1.1µs
[00:00:03.785] (2d60) DEBUG  LOGIC, Elapsed=6.097ms
[00:00:03.792] (2d60) DEBUG  DISPLAY, Elapsed=7.221ms
[00:00:03.792] (2d60) DEBUG  CONFIG, Elapsed=127.4µs
[00:00:03.819] (2d60) DEBUG  WAIT, Elapsed=26.5923ms
[00:00:03.819] (2d60) DEBUG  GAME_LOOP, Elapsed=40.7994ms
[00:00:03.819] (2d60) DEBUG  INPUT, Elapsed=22µs
[00:00:03.819] (2d60) DEBUG  MISC, Elapsed=900ns
[00:00:03.825] (2d60) DEBUG  LOGIC, Elapsed=6.004ms
[00:00:03.832] (2d60) DEBUG  DISPLAY, Elapsed=6.0872ms
[00:00:03.832] (2d60) DEBUG  CONFIG, Elapsed=224.1µs
[00:00:03.860] (2d60) DEBUG  WAIT, Elapsed=27.7834ms
[00:00:03.860] (2d60) DEBUG  GAME_LOOP, Elapsed=40.6307ms
[00:00:03.860] (2d60) DEBUG  INPUT, Elapsed=12.9µs
[00:00:03.860] (2d60) DEBUG  MISC, Elapsed=500ns
[00:00:03.864] (2d60) DEBUG  LOGIC, Elapsed=3.9691ms
[00:00:03.871] (2d60) DEBUG  DISPLAY, Elapsed=6.5023ms
[00:00:03.871] (2d60) DEBUG  CONFIG, Elapsed=139.2µs
[00:00:03.901] (2d60) DEBUG  WAIT, Elapsed=29.9816ms
[00:00:03.901] (2d60) DEBUG  GAME_LOOP, Elapsed=40.979ms
[00:00:03.901] (2d60) DEBUG  INPUT, Elapsed=373.7µs
[00:00:03.901] (2d60) DEBUG  MISC, Elapsed=2.1µs
[00:00:03.909] (2d60) DEBUG  LOGIC, Elapsed=6.9191ms
[00:00:03.915] (2d60) DEBUG  DISPLAY, Elapsed=5.9188ms
[00:00:03.915] (2d60) DEBUG  CONFIG, Elapsed=178.8µs
[00:00:03.942] (2d60) DEBUG  WAIT, Elapsed=26.5889ms
[00:00:03.942] (2d60) DEBUG  GAME_LOOP, Elapsed=40.6761ms
